[NEW] Chalan Solar and Storage Project, Kern County, California; Draft  Environmental Action Statement and Draft Habitat Conservation Plan
🔗 https://www.regulations.gov/document/FWS-R8-ES-2025-0024-0001

NEW: Chalan Solar and Storage Project, Kern County, California; Draft  Environmental Action Statement and Draft Habitat Conservation Plan - https://www.regulations.gov/document/FWS-R8-ES-2025-0024-0001
[NEW] SISNOSE Screen - Final Rules
🔗 https://www.regulations.gov/document/EPA-HQ-OAR-2023-0072-8400

NEW: SISNOSE Screen - Final Rules - https://www.regulations.gov/document/EPA-HQ-OAR-2023-0072-8400
[NEW] RIA Section 3 - Compliance Costs Emissions and Energy Impacts Final - IPM Documentation
🔗 https://www.regulations.gov/document/EPA-HQ-OAR-2023-0072-8396

NEW: RIA Section 3 - Compliance Costs Emissions and Energy Impacts Final - IPM Documentation - https://www.regulations.gov/document/EPA-HQ-OAR-2023-0072-8396
[NEW] RIA Section 3 - Compliance Costs Emissions and Energy Impacts Final - IPM Runs
🔗 https://www.regulations.gov/document/EPA-HQ-OAR-2023-0072-8397

NEW: RIA Section 3 - Compliance Costs Emissions and Energy Impacts Final - IPM Runs - https://www.regulations.gov/document/EPA-HQ-OAR-2023-0072-8397
[NEW] US EPA. Final Regulatory Flexibility Analysis. April 2024.
🔗 https://www.regulations.gov/document/EPA-HQ-OAR-2023-0072-8923

NEW: US EPA. Final Regulatory Flexibility Analysis. April 2024. - https://www.regulations.gov/document/EPA-HQ-OAR-2023-0072-8923
[NEW] Regulatory Impact Analysis, Final
🔗 https://www.regulations.gov/document/EPA-HQ-OAR-2023-0072-8913

NEW: Regulatory Impact Analysis, Final - https://www.regulations.gov/document/EPA-HQ-OAR-2023-0072-8913
[NEW] Regulatory Impact Analysis
🔗 https://www.regulations.gov/document/EPA-HQ-OAR-2023-0072-0007

NEW: Regulatory Impact Analysis - https://www.regulations.gov/document/EPA-HQ-OAR-2023-0072-0007
[NEW] Institution of Section 206 Proceeding and Refund Effective Date: Harts Mill Solar, LLC
🔗 https://www.regulations.gov/document/FERC-2025-0694-0001

NEW: Institution of Section 206 Proceeding and Refund Effective Date: Harts Mill Solar, LLC - https://www.regulations.gov/document/FERC-2025-0694-0001
[NEW] Effectiveness of Exempt Wholesale Generator Status: FRP Caldwell Solar, LLC, DG VDH BESS, LLC, et al.
🔗 https://www.regulations.gov/document/FERC-2025-0683-0001

NEW: Effectiveness of Exempt Wholesale Generator Status: FRP Caldwell Solar, LLC, DG VDH BESS, LLC, et al. - https://www.regulations.gov/document/FERC-2025-0683-0001
[NEW] Statement of Charles E. Buffon before FDA August 24, 1999 re: Citizen Petition from Cosmetic, Toiletry & Fragrance Association
🔗 https://www.regulations.gov/document/FDA-1999-P-2918-0006

NEW: Statement of Charles E. Buffon before FDA August 24, 1999 re: Citizen Petition from Cosmetic, Toiletry & Fragrance Association - https://www.regulations.gov/document/FDA-1999-P-2918-0006
